Started | Input File: ../uploads/del_item.txt | Date: 27-08-2020 15:09:40

List name	List ID	Item UUID	Item deleted	List Published
Library Systems List 3	185251D1-23F3-F0CF-00C7-286D4645F07C	Library Systems List 3	455b1404-1b98-4427-a10a-c2e63856a109	
Stopped | End of File: ../uploads/del_item.txt | Date: 27-08-2020 15:09:41
Started | Input File: ../uploads/del_item.txt | Date: 27-08-2020 15:10:56

List name	List ID	Item UUID	Item deleted	List Published
Library Systems List 3	185251D1-23F3-F0CF-00C7-286D4645F07C	Library Systems List 3	455b1404-1b98-4427-a10a-c2e63856a109	Library Systems List 3	185251D1-23F3-F0CF-00C7-286D4645F07C	Library Systems List 3	9df747cd-ac6a-434f-8baf-0daa9ab13f0d	Library Systems List 8	BC011E42-A395-9248-E147-1C869BFECF02	Library Systems List 8	4f395fd8-475b-4ea5-b1e1-3e9ef4865d3b	
Stopped | End of File: ../uploads/del_item.txt | Date: 27-08-2020 15:10:58
Started | Input File: ../uploads/del_item.txt | Date: 27-08-2020 15:36:09

List name	List ID	Item UUID	Item deleted	List Published
Library Systems List 3	185251D1-23F3-F0CF-00C7-286D4645F07C	Library Systems List 3	455b1404-1b98-4427-a10a-c2e63856a109	Library Systems List 3	185251D1-23F3-F0CF-00C7-286D4645F07C	Library Systems List 3	9df747cd-ac6a-434f-8baf-0daa9ab13f0d	Library Systems List 8	BC011E42-A395-9248-E147-1C869BFECF02	Library Systems List 8	4f395fd8-475b-4ea5-b1e1-3e9ef4865d3b	
Stopped | End of File: ../uploads/del_item.txt | Date: 27-08-2020 15:36:11
Started | Input File: ../uploads/del_item.txt | Date: 27-08-2020 15:36:26

List name	List ID	Item UUID	Item deleted	List Published
Library Systems List 3	185251D1-23F3-F0CF-00C7-286D4645F07C	Library Systems List 3	455b1404-1b98-4427-a10a-c2e63856a109	Library Systems List 3	185251D1-23F3-F0CF-00C7-286D4645F07C	Library Systems List 3	9df747cd-ac6a-434f-8baf-0daa9ab13f0d	Library Systems List 8	BC011E42-A395-9248-E147-1C869BFECF02	Library Systems List 8	4f395fd8-475b-4ea5-b1e1-3e9ef4865d3b	
Stopped | End of File: ../uploads/del_item.txt | Date: 27-08-2020 15:36:27
Started | Input File: ../uploads/del_item.txt | Date: 27-08-2020 15:38:46

List name	List ID	Item UUID	Item deleted	List Published
Library Systems List 3	185251D1-23F3-F0CF-00C7-286D4645F07C	Library Systems List 3	455b1404-1b98-4427-a10a-c2e63856a109	Library Systems List 3	185251D1-23F3-F0CF-00C7-286D4645F07C	Library Systems List 3	9df747cd-ac6a-434f-8baf-0daa9ab13f0d	Library Systems List 8	BC011E42-A395-9248-E147-1C869BFECF02	Library Systems List 8	4f395fd8-475b-4ea5-b1e1-3e9ef4865d3b	
Stopped | End of File: ../uploads/del_item.txt | Date: 27-08-2020 15:38:47
Started | Input File: ../uploads/del_item.txt | Date: 27-08-2020 15:38:57

List name	List ID	Item UUID	Item deleted	List Published
Library Systems List 3	185251D1-23F3-F0CF-00C7-286D4645F07C	Library Systems List 3	455b1404-1b98-4427-a10a-c2e63856a109	Library Systems List 3	185251D1-23F3-F0CF-00C7-286D4645F07C	Library Systems List 3	9df747cd-ac6a-434f-8baf-0daa9ab13f0d	Library Systems List 8	BC011E42-A395-9248-E147-1C869BFECF02	Library Systems List 8	4f395fd8-475b-4ea5-b1e1-3e9ef4865d3b	
Stopped | End of File: ../uploads/del_item.txt | Date: 27-08-2020 15:38:58
Started | Input File: ../uploads/del_item.txt | Date: 27-08-2020 15:41:05

List name	List ID	Item UUID	Item deleted	List Published
Library Systems List 3	185251D1-23F3-F0CF-00C7-286D4645F07C	Library Systems List 3	455b1404-1b98-4427-a10a-c2e63856a109	Library Systems List 3	185251D1-23F3-F0CF-00C7-286D4645F07C	Library Systems List 3	9df747cd-ac6a-434f-8baf-0daa9ab13f0d	Library Systems List 8	BC011E42-A395-9248-E147-1C869BFECF02	Library Systems List 8	4f395fd8-475b-4ea5-b1e1-3e9ef4865d3b	
Stopped | End of File: ../uploads/del_item.txt | Date: 27-08-2020 15:41:07
Started | Input File: ../uploads/del_item.txt | Date: 27-08-2020 15:44:48

List name	List ID	Item UUID	Item deleted	List Published
Library Systems List 3	185251D1-23F3-F0CF-00C7-286D4645F07C	Library Systems List 3	455b1404-1b98-4427-a10a-c2e63856a109	Library Systems List 3	185251D1-23F3-F0CF-00C7-286D4645F07C	Library Systems List 3	9df747cd-ac6a-434f-8baf-0daa9ab13f0d	Library Systems List 8	BC011E42-A395-9248-E147-1C869BFECF02	Library Systems List 8	4f395fd8-475b-4ea5-b1e1-3e9ef4865d3b	
Stopped | End of File: ../uploads/del_item.txt | Date: 27-08-2020 15:44:49
Started | Input File: ../uploads/del_item.txt | Date: 27-08-2020 15:47:25

List name	List ID	Item UUID	Item deleted	List Published
Library Systems List 3	185251D1-23F3-F0CF-00C7-286D4645F07C	Library Systems List 3	455b1404-1b98-4427-a10a-c2e63856a109	Library Systems List 3	185251D1-23F3-F0CF-00C7-286D4645F07C	Library Systems List 3	9df747cd-ac6a-434f-8baf-0daa9ab13f0d	Library Systems List 8	BC011E42-A395-9248-E147-1C869BFECF02	Library Systems List 8	4f395fd8-475b-4ea5-b1e1-3e9ef4865d3b	
Stopped | End of File: ../uploads/del_item.txt | Date: 27-08-2020 15:47:26
Started | Input File: ../uploads/del_item.txt | Date: 27-08-2020 15:49:01

List name	List ID	Item UUID	Item deleted	List Published
Library Systems List 3	185251D1-23F3-F0CF-00C7-286D4645F07C	Library Systems List 3	455b1404-1b98-4427-a10a-c2e63856a109	Library Systems List 3	185251D1-23F3-F0CF-00C7-286D4645F07C	Library Systems List 3	9df747cd-ac6a-434f-8baf-0daa9ab13f0d	Library Systems List 8	BC011E42-A395-9248-E147-1C869BFECF02	Library Systems List 8	4f395fd8-475b-4ea5-b1e1-3e9ef4865d3b	
Stopped | End of File: ../uploads/del_item.txt | Date: 27-08-2020 15:49:02
Started | Input File: ../uploads/del_item.txt | Date: 27-08-2020 15:52:22

List name	List ID	Item UUID	Item deleted	List Published
Library Systems List 3	185251D1-23F3-F0CF-00C7-286D4645F07C	Library Systems List 3	455b1404-1b98-4427-a10a-c2e63856a109	Item deleted successfully	Library Systems List 3	185251D1-23F3-F0CF-00C7-286D4645F07C	Library Systems List 3	9df747cd-ac6a-434f-8baf-0daa9ab13f0d	Item deleted successfully	Library Systems List 8	BC011E42-A395-9248-E147-1C869BFECF02	Library Systems List 8	4f395fd8-475b-4ea5-b1e1-3e9ef4865d3b	Item deleted successfully	Published successfully	

Stopped | End of File: ../uploads/del_item.txt | Date: 27-08-2020 15:52:26
Started | Input File: ../uploads/1.txt | Date: 01-12-2021 14:26:42

List name	List ID	Item UUID	Item deleted	List Published

Stopped | End of File: ../uploads/1.txt | Date: 01-12-2021 14:26:43
Started | Input File: ../uploads/1.txt | Date: 01-12-2021 14:28:01

List name	List ID	Item UUID	Item deleted	List Published

Stopped | End of File: ../uploads/1.txt | Date: 01-12-2021 14:28:02
Started | Input File: ../uploads/1.txt | Date: 01-12-2021 14:28:26

List name	List ID	Item UUID	Item deleted	List Published

Stopped | End of File: ../uploads/1.txt | Date: 01-12-2021 14:28:26
Started | Input File: ../uploads/1.txt | Date: 01-12-2021 14:30:11

List name	List ID	Item UUID	Item deleted	List Published

Stopped | End of File: ../uploads/1.txt | Date: 01-12-2021 14:30:12
Started | Input File: ../uploads/1.txt | Date: 01-12-2021 14:30:45

List name	List ID	Item UUID	Item deleted	List Published

Stopped | End of File: ../uploads/1.txt | Date: 01-12-2021 14:30:45
Started | Input File: ../uploads/1.txt | Date: 01-12-2021 14:31:45

List name	List ID	Item UUID	Item deleted	List Published

Stopped | End of File: ../uploads/1.txt | Date: 01-12-2021 14:31:45
Started | Input File: ../uploads/1.txt | Date: 01-12-2021 14:33:19

List name	List ID	Item UUID	Item deleted	List Published

Stopped | End of File: ../uploads/1.txt | Date: 01-12-2021 14:33:20
Started | Input File: ../uploads/1.txt | Date: 01-12-2021 14:33:57

List name	List ID	Item UUID	Item deleted	List Published

Stopped | End of File: ../uploads/1.txt | Date: 01-12-2021 14:33:58
Started | Input File: ../uploads/1.txt | Date: 01-12-2021 14:36:24

List name	List ID	Item UUID	Item deleted	List Published

Stopped | End of File: ../uploads/1.txt | Date: 01-12-2021 14:36:25
Started | Input File: ../uploads/1.txt | Date: 01-12-2021 14:40:18

List name	List ID	Item UUID	Item deleted	List Published

Stopped | End of File: ../uploads/1.txt | Date: 01-12-2021 14:40:18
Started | Input File: ../uploads/1.txt | Date: 01-12-2021 14:40:34

List name	List ID	Item UUID	Item deleted	List Published

Stopped | End of File: ../uploads/1.txt | Date: 01-12-2021 14:40:34
Started | Input File: ../uploads/1.txt | Date: 01-12-2021 14:41:10

List name	List ID	Item UUID	Item deleted	List Published

Stopped | End of File: ../uploads/1.txt | Date: 01-12-2021 14:41:11
Started | Input File: ../uploads/1.txt | Date: 01-12-2021 14:41:20

List name	List ID	Item UUID	Item deleted	List Published

Stopped | End of File: ../uploads/1.txt | Date: 01-12-2021 14:41:20
Started | Input File: ../uploads/1.txt | Date: 01-12-2021 14:41:32

List name	List ID	Item UUID	Item deleted	List Published

Stopped | End of File: ../uploads/1.txt | Date: 01-12-2021 14:41:33
Started | Input File: ../uploads/1.txt | Date: 01-12-2021 14:41:51

List name	List ID	Item UUID	Item deleted	List Published

Stopped | End of File: ../uploads/1.txt | Date: 01-12-2021 14:41:52
Started | Input File: ../uploads/1.txt | Date: 01-12-2021 14:42:02

List name	List ID	Item UUID	Item deleted	List Published

Stopped | End of File: ../uploads/1.txt | Date: 01-12-2021 14:42:02
Started | Input File: ../uploads/1.txt | Date: 01-12-2021 14:42:07

List name	List ID	Item UUID	Item deleted	List Published

Stopped | End of File: ../uploads/1.txt | Date: 01-12-2021 14:42:08
Started | Input File: ../uploads/1.txt | Date: 01-12-2021 14:42:10

List name	List ID	Item UUID	Item deleted	List Published

Stopped | End of File: ../uploads/1.txt | Date: 01-12-2021 14:42:10
Started | Input File: ../uploads/1.txt | Date: 01-12-2021 14:42:59

List name	List ID	Item UUID	Item deleted	List Published

Stopped | End of File: ../uploads/1.txt | Date: 01-12-2021 14:43:00
Started | Input File: ../uploads/1.txt | Date: 01-12-2021 14:43:37

List name	List ID	Item UUID	Item deleted	List Published

Stopped | End of File: ../uploads/1.txt | Date: 01-12-2021 14:43:37
Started | Input File: ../uploads/1.txt | Date: 01-12-2021 14:43:50

List name	List ID	Item UUID	Item deleted	List Published

Stopped | End of File: ../uploads/1.txt | Date: 01-12-2021 14:43:50
Started | Input File: ../uploads/1.txt | Date: 01-12-2021 14:43:59

List name	List ID	Item UUID	Item deleted	List Published

Stopped | End of File: ../uploads/1.txt | Date: 01-12-2021 14:43:59
Started | Input File: ../uploads/1.txt | Date: 01-12-2021 14:44:04

List name	List ID	Item UUID	Item deleted	List Published

Stopped | End of File: ../uploads/1.txt | Date: 01-12-2021 14:44:04
Started | Input File: ../uploads/1.txt | Date: 01-12-2021 14:45:12

List name	List ID	Item UUID	Item deleted	List Published

Stopped | End of File: ../uploads/1.txt | Date: 01-12-2021 14:45:12
Started | Input File: ../uploads/1.txt | Date: 01-12-2021 14:45:17

List name	List ID	Item UUID	Item deleted	List Published

Stopped | End of File: ../uploads/1.txt | Date: 01-12-2021 14:45:18
Started | Input File: ../uploads/1.txt | Date: 01-12-2021 14:45:27

List name	List ID	Item UUID	Item deleted	List Published

Stopped | End of File: ../uploads/1.txt | Date: 01-12-2021 14:45:27
Started | Input File: ../uploads/1.txt | Date: 01-12-2021 14:45:37

List name	List ID	Item UUID	Item deleted	List Published

Stopped | End of File: ../uploads/1.txt | Date: 01-12-2021 14:45:38
Started | Input File: ../uploads/1.txt | Date: 01-12-2021 14:45:40

List name	List ID	Item UUID	Item deleted	List Published

Stopped | End of File: ../uploads/1.txt | Date: 01-12-2021 14:45:40
Started | Input File: ../uploads/1.txt | Date: 01-12-2021 14:45:49

List name	List ID	Item UUID	Item deleted	List Published

Stopped | End of File: ../uploads/1.txt | Date: 01-12-2021 14:45:50
Started | Input File: ../uploads/1.txt | Date: 01-12-2021 14:46:01

List name	List ID	Item UUID	Item deleted	List Published

Stopped | End of File: ../uploads/1.txt | Date: 01-12-2021 14:46:01
Started | Input File: ../uploads/1.txt | Date: 01-12-2021 14:47:48

List name	List ID	Item UUID	Item deleted	List Published

Stopped | End of File: ../uploads/1.txt | Date: 01-12-2021 14:47:48
Started | Input File: ../uploads/1.txt | Date: 01-12-2021 14:49:13

List name	List ID	Item UUID	Item deleted	List Published

Stopped | End of File: ../uploads/1.txt | Date: 01-12-2021 14:49:14
Started | Input File: ../uploads/1.txt | Date: 01-12-2021 14:49:47

List name	List ID	Item UUID	Item deleted	List Published

Stopped | End of File: ../uploads/1.txt | Date: 01-12-2021 14:49:47
Started | Input File: ../uploads/1.txt | Date: 01-12-2021 14:50:15

List name	List ID	Item UUID	Item deleted	List Published

Stopped | End of File: ../uploads/1.txt | Date: 01-12-2021 14:50:15
Started | Input File: ../uploads/1.txt | Date: 01-12-2021 14:52:00

List name	List ID	Item UUID	Item deleted	List Published

Stopped | End of File: ../uploads/1.txt | Date: 01-12-2021 14:52:01
Started | Input File: ../uploads/1.txt | Date: 01-12-2021 14:52:18

List name	List ID	Item UUID	Item deleted	List Published

Stopped | End of File: ../uploads/1.txt | Date: 01-12-2021 14:52:19
Started | Input File: ../uploads/1.txt | Date: 01-12-2021 14:53:15

List name	List ID	Item UUID	Item deleted	List Published

Stopped | End of File: ../uploads/1.txt | Date: 01-12-2021 14:53:15
Started | Input File: ../uploads/1.txt | Date: 01-12-2021 14:53:44

List name	List ID	Item UUID	Item deleted	List Published

Stopped | End of File: ../uploads/1.txt | Date: 01-12-2021 14:53:45
Started | Input File: ../uploads/1.txt | Date: 01-12-2021 14:56:37

List name	List ID	Item UUID	Item deleted	List Published

Stopped | End of File: ../uploads/1.txt | Date: 01-12-2021 14:56:38
Started | Input File: ../uploads/1.txt | Date: 01-12-2021 14:57:27

List name	List ID	Item UUID	Item deleted	List Published

Stopped | End of File: ../uploads/1.txt | Date: 01-12-2021 14:57:27
Started | Input File: ../uploads/1.txt | Date: 01-12-2021 14:58:14

List name	List ID	Item UUID	Item deleted	List Published

Stopped | End of File: ../uploads/1.txt | Date: 01-12-2021 14:58:15
Started | Input File: ../uploads/1.txt | Date: 01-12-2021 14:59:13

List name	List ID	Item UUID	Item deleted	List Published
Started | Input File: ../uploads/1.txt | Date: 01-12-2021 14:59:24

List name	List ID	Item UUID	Item deleted	List Published
Started | Input File: ../uploads/1.txt | Date: 01-12-2021 14:59:27

List name	List ID	Item UUID	Item deleted	List Published
Started | Input File: ../uploads/1.txt | Date: 01-12-2021 14:59:41

List name	List ID	Item UUID	Item deleted	List Published

Stopped | End of File: ../uploads/1.txt | Date: 01-12-2021 14:59:42
Started | Input File: ../uploads/1.txt | Date: 01-12-2021 15:00:23

List name	List ID	Item UUID	Item deleted	List Published
Started | Input File: ../uploads/1.txt | Date: 01-12-2021 15:00:53

List name	List ID	Item UUID	Item deleted	List Published
Started | Input File: ../uploads/1.txt | Date: 01-12-2021 15:02:04

List name	List ID	Item UUID	Item deleted	List Published

Stopped | End of File: ../uploads/1.txt | Date: 01-12-2021 15:02:05
Started | Input File: ../uploads/1.txt | Date: 01-12-2021 15:02:56

List name	List ID	Item UUID	Item deleted	List Published

Stopped | End of File: ../uploads/1.txt | Date: 01-12-2021 15:02:57
Started | Input File: ../uploads/1.txt | Date: 01-12-2021 15:03:43

List name	List ID	Item UUID	Item deleted	List Published
Library Systems List 8	FAEFE97D-1632-FD57-34BB-A5163D3F8F81	Library Systems List 8	063525ae-fa67-4229-8c2b-08c08e354eb4	
Stopped | End of File: ../uploads/1.txt | Date: 01-12-2021 15:03:43
Started | Input File: ../uploads/1.txt | Date: 01-12-2021 15:13:24

List name	List ID	Item UUID	Item deleted	List Published
Library Systems List 8	FAEFE97D-1632-FD57-34BB-A5163D3F8F81	Library Systems List 8	063525ae-fa67-4229-8c2b-08c08e354eb4	Library Systems List 8	FAEFE97D-1632-FD57-34BB-A5163D3F8F81	Library Systems List 8	8877bd7f-e774-4a6a-af31-75728acbc9fb	Library Systems List 8	FAEFE97D-1632-FD57-34BB-A5163D3F8F81	Library Systems List 8	24715afd-2511-48ce-a46a-824e57c5670b	
Stopped | End of File: ../uploads/1.txt | Date: 01-12-2021 15:13:25
Started | Input File: ../uploads/1.txt | Date: 01-12-2021 15:14:47

List name	List ID	Item UUID	Item deleted	List Published
Library Systems List 8	FAEFE97D-1632-FD57-34BB-A5163D3F8F81	Library Systems List 8	063525ae-fa67-4229-8c2b-08c08e354eb4	Library Systems List 8	FAEFE97D-1632-FD57-34BB-A5163D3F8F81	Library Systems List 8	8877bd7f-e774-4a6a-af31-75728acbc9fb	Library Systems List 8	FAEFE97D-1632-FD57-34BB-A5163D3F8F81	Library Systems List 8	24715afd-2511-48ce-a46a-824e57c5670b	
Stopped | End of File: ../uploads/1.txt | Date: 01-12-2021 15:14:48
Started | Input File: ../uploads/1.txt | Date: 01-12-2021 15:15:43

List name	List ID	Item UUID	Item deleted	List Published
Library Systems List 8	FAEFE97D-1632-FD57-34BB-A5163D3F8F81	Library Systems List 8	063525ae-fa67-4229-8c2b-08c08e354eb4	Library Systems List 8	FAEFE97D-1632-FD57-34BB-A5163D3F8F81	Library Systems List 8	8877bd7f-e774-4a6a-af31-75728acbc9fb	Library Systems List 8	FAEFE97D-1632-FD57-34BB-A5163D3F8F81	Library Systems List 8	24715afd-2511-48ce-a46a-824e57c5670b	
Stopped | End of File: ../uploads/1.txt | Date: 01-12-2021 15:15:43
Started | Input File: ../uploads/1.txt | Date: 01-12-2021 15:17:36

List name	List ID	Item UUID	Item deleted	List Published
Library Systems List 8	FAEFE97D-1632-FD57-34BB-A5163D3F8F81	Library Systems List 8	063525ae-fa67-4229-8c2b-08c08e354eb4	Library Systems List 8	FAEFE97D-1632-FD57-34BB-A5163D3F8F81	Library Systems List 8	8877bd7f-e774-4a6a-af31-75728acbc9fb	Library Systems List 8	FAEFE97D-1632-FD57-34BB-A5163D3F8F81	Library Systems List 8	24715afd-2511-48ce-a46a-824e57c5670b	Library Systems List 8	FAEFE97D-1632-FD57-34BB-A5163D3F8F81	Library Systems List 8	8877bd7f-e774-4a6a-af31-75728acbc9fb	Library Systems List 8	FAEFE97D-1632-FD57-34BB-A5163D3F8F81	Library Systems List 8	063525ae-fa67-4229-8c2b-08c08e354eb4	
Stopped | End of File: ../uploads/1.txt | Date: 01-12-2021 15:17:38
