Started | Input File: ../uploads/list_id.txt | Date: 24-04-2020 10:47:09

List name	List ID	List Published
Started | Input File: ../uploads/list_id.txt | Date: 24-04-2020 10:47:41

List name	List ID	List Published
Library Systems List 10	CB98F155-576C-553D-7C37-88D1A28CAF49		Published successfully	
Library Systems List 2	5D6EA0C2-45F4-268B-878B-0BEBF1C234E9		Published successfully	
Library Systems List 5	B6E658B0-5DAE-CF98-5FAA-5DB345685320		Published successfully	

Stopped | End of File: ../uploads/list_id.txt | Date: 24-04-2020 10:47:43
Started | Input File: ../uploads/list_id.txt | Date: 24-04-2020 10:48:44

List name	List ID	List Published
Library Systems List 10	CB98F155-576C-553D-7C37-88D1A28CAF49	Published successfully	
Library Systems List 2	5D6EA0C2-45F4-268B-878B-0BEBF1C234E9	Published successfully	
Library Systems List 5	B6E658B0-5DAE-CF98-5FAA-5DB345685320	Published successfully	

Stopped | End of File: ../uploads/list_id.txt | Date: 24-04-2020 10:48:46
Started | Input File: ../uploads/list_id.txt | Date: 24-04-2020 10:49:34

List name	List ID	List Published
Library Systems List 10	CB98F155-576C-553D-7C37-88D1A28CAF49	Published successfully	
Library Systems List 2	5D6EA0C2-45F4-268B-878B-0BEBF1C234E9	Published successfully	
Library Systems List 5	B6E658B0-5DAE-CF98-5FAA-5DB345685320	Published successfully	

Stopped | End of File: ../uploads/list_id.txt | Date: 24-04-2020 10:49:36
